{
  "stats": {
    "suites": 12,
    "tests": 41,
    "passes": 27,
    "pending": 0,
    "failures": 14,
    "start": "2021-12-09T23:26:39.609Z",
    "end": "2021-12-09T23:28:04.752Z",
    "duration": 85143,
    "testsRegistered": 41,
    "passPercent": 65.85365853658537,
    "pendingPercent": 0,
    "other": 0,
    "hasOther": false,
    "skipped": 0,
    "hasSkipped": false
  },
  "results": [
    {
      "uuid": "ce75ef88-e368-467e-9081-a49877dc6b24",
      "title": "",
      "fullFile": "cypress/integration/project.spec.js",
      "file": "cypress/integration/project.spec.js",
      "beforeHooks": [],
      "afterHooks": [],
      "tests": [],
      "suites": [
        {
          "uuid": "acaeb47e-34d8-41c5-80f8-520da37f41f2",
          "title": "1 - Adicione à página o título \"Paleta de Cores\".",
          "fullFile": "",
          "file": "",
          "beforeHooks": [],
          "afterHooks": [],
          "tests": [
            {
              "title": "Verifica se contém um elemento `h1` com o id `title` com o título correto",
              "fullTitle": "1 - Adicione à página o título \"Paleta de Cores\". Verifica se contém um elemento `h1` com o id `title` com o título correto",
              "timedOut": null,
              "duration": 199,
              "state": "passed",
              "speed": "slow",
              "pass": true,
              "fail": false,
              "pending": false,
              "context": null,
              "code": "cy.get('h1#title').should('contain.text', 'Paleta de Cores');",
              "err": {},
              "uuid": "9702b09c-7244-4b96-92b0-d49bd0501ee1",
              "parentUUID": "acaeb47e-34d8-41c5-80f8-520da37f41f2",
              "isHook": false,
              "skipped": false
            }
          ],
          "suites": [],
          "passes": [
            "9702b09c-7244-4b96-92b0-d49bd0501ee1"
          ],
          "failures": [],
          "pending": [],
          "skipped": [],
          "duration": 199,
          "root": false,
          "rootEmpty": false,
          "_timeout": 2000
        },
        {
          "uuid": "f44e1237-91b4-4d57-8c4c-0b98c5ff1190",
          "title": "2 - Adicione à página uma paleta de quatro cores distintas.",
          "fullFile": "",
          "file": "",
          "beforeHooks": [],
          "afterHooks": [],
          "tests": [
            {
              "title": "A paleta de cores deve ser um elemento com `id` denominado `color-palette`",
              "fullTitle": "2 - Adicione à página uma paleta de quatro cores distintas. A paleta de cores deve ser um elemento com `id` denominado `color-palette`",
              "timedOut": null,
              "duration": 203,
              "state": "passed",
              "speed": "slow",
              "pass": true,
              "fail": false,
              "pending": false,
              "context": null,
              "code": "cy.get('#color-palette').should('be.visible');\ncy.get('#color-palette').children('.color');",
              "err": {},
              "uuid": "129ab32f-3a7b-4bdd-859a-6f73f4079978",
              "parentUUID": "f44e1237-91b4-4d57-8c4c-0b98c5ff1190",
              "isHook": false,
              "skipped": false
            },
            {
              "title": "Verifica se cada cor individual da paleta de cores possui a `classe` chamada `color`.",
              "fullTitle": "2 - Adicione à página uma paleta de quatro cores distintas. Verifica se cada cor individual da paleta de cores possui a `classe` chamada `color`.",
              "timedOut": null,
              "duration": 243,
              "state": "passed",
              "speed": "slow",
              "pass": true,
              "fail": false,
              "pending": false,
              "context": null,
              "code": "cy.get('.color').should('have.length', 4).then(function (colors) {\n  for (var i = 0; i < colors.length; i++) {\n    cy.wrap(colors[i]).should('be.visible');\n  }\n});",
              "err": {},
              "uuid": "4642824d-8f06-4fc3-91f2-a275d8199ba9",
              "parentUUID": "f44e1237-91b4-4d57-8c4c-0b98c5ff1190",
              "isHook": false,
              "skipped": false
            },
            {
              "title": "Verifica se a cor de fundo de cada elemento da paleta é a cor que o elemento representa. **A única cor não permitida na paleta é a cor branca.**",
              "fullTitle": "2 - Adicione à página uma paleta de quatro cores distintas. Verifica se a cor de fundo de cada elemento da paleta é a cor que o elemento representa. **A única cor não permitida na paleta é a cor branca.**",
              "timedOut": null,
              "duration": 176,
              "state": "passed",
              "speed": "slow",
              "pass": true,
              "fail": false,
              "pending": false,
              "context": null,
              "code": "cy.get('.color').each(function (color) {\n  cy.wrap(color).should('have.class', 'color').and('not.have.css', 'background-color', WHITE);\n  cy.wrap(color).should('have.css', 'background-color');\n});",
              "err": {},
              "uuid": "85e758b9-528f-432d-a28e-0c4b4bd4443e",
              "parentUUID": "f44e1237-91b4-4d57-8c4c-0b98c5ff1190",
              "isHook": false,
              "skipped": false
            },
            {
              "title": "Verifica se cada elemento da paleta de cores tem uma borda preta, sólida e com 1 pixel de largura;",
              "fullTitle": "2 - Adicione à página uma paleta de quatro cores distintas. Verifica se cada elemento da paleta de cores tem uma borda preta, sólida e com 1 pixel de largura;",
              "timedOut": null,
              "duration": 137,
              "state": "passed",
              "speed": "slow",
              "pass": true,
              "fail": false,
              "pending": false,
              "context": null,
              "code": "cy.get('.color').each(function (color) {\n  cy.wrap(color).and('have.css', 'border', \"1px solid \".concat(BLACK)).and('have.class', 'color');\n});",
              "err": {},
              "uuid": "9bf9e349-1824-46ba-950d-e02a8a56b21b",
              "parentUUID": "f44e1237-91b4-4d57-8c4c-0b98c5ff1190",
              "isHook": false,
              "skipped": false
            },
            {
              "title": "Verifica se a paleta lista todas as cores disponíveis para utilização, lado a lado.",
              "fullTitle": "2 - Adicione à página uma paleta de quatro cores distintas. Verifica se a paleta lista todas as cores disponíveis para utilização, lado a lado.",
              "timedOut": null,
              "duration": 140,
              "state": "passed",
              "speed": "slow",
              "pass": true,
              "fail": false,
              "pending": false,
              "context": null,
              "code": "cy.get('.color').then(function (colors) {\n  for (var index = 1; index < colors.length; index += 1) {\n    var currentColor = colors[index];\n    var previousColor = colors[index - 1];\n    cy.wrap(currentColor).should('be.onTheRightOf', previousColor).and('be.horizontallyAlignedWith', previousColor);\n  }\n});",
              "err": {},
              "uuid": "18a316f7-aef6-42bc-9658-83ad0c5e76f8",
              "parentUUID": "f44e1237-91b4-4d57-8c4c-0b98c5ff1190",
              "isHook": false,
              "skipped": false
            },
            {
              "title": "Verifica se a paleta de cores está posicionada abaixo do título 'Paleta de Cores'",
              "fullTitle": "2 - Adicione à página uma paleta de quatro cores distintas. Verifica se a paleta de cores está posicionada abaixo do título 'Paleta de Cores'",
              "timedOut": null,
              "duration": 103,
              "state": "passed",
              "speed": "slow",
              "pass": true,
              "fail": false,
              "pending": false,
              "context": null,
              "code": "cy.get('h1#title').then(function (title) {\n  cy.get('#color-palette').should('be.belowOf', title);\n});",
              "err": {},
              "uuid": "f77728f6-19cb-4948-9a42-aba696a5ba44",
              "parentUUID": "f44e1237-91b4-4d57-8c4c-0b98c5ff1190",
              "isHook": false,
              "skipped": false
            },
            {
              "title": "Verifica se a paleta de cores não contém cores repetidas.",
              "fullTitle": "2 - Adicione à página uma paleta de quatro cores distintas. Verifica se a paleta de cores não contém cores repetidas.",
              "timedOut": null,
              "duration": 160,
              "state": "passed",
              "speed": "slow",
              "pass": true,
              "fail": false,
              "pending": false,
              "context": null,
              "code": "cy.get('.color').then(function (colors) {\n  var allColors = Array.from(colors).map(function (color) {\n    return Cypress.$(color).css('background-color');\n  });\n  cy.log(allColors);\n  var uniqColors = (0, _toConsumableArray2[\"default\"])(new Set(allColors));\n  cy.log(uniqColors);\n  expect(allColors.length).to.eq(uniqColors.length);\n});",
              "err": {},
              "uuid": "7e992f4e-e879-456d-a5a7-5ea5c237b21e",
              "parentUUID": "f44e1237-91b4-4d57-8c4c-0b98c5ff1190",
              "isHook": false,
              "skipped": false
            }
          ],
          "suites": [],
          "passes": [
            "129ab32f-3a7b-4bdd-859a-6f73f4079978",
            "4642824d-8f06-4fc3-91f2-a275d8199ba9",
            "85e758b9-528f-432d-a28e-0c4b4bd4443e",
            "9bf9e349-1824-46ba-950d-e02a8a56b21b",
            "18a316f7-aef6-42bc-9658-83ad0c5e76f8",
            "f77728f6-19cb-4948-9a42-aba696a5ba44",
            "7e992f4e-e879-456d-a5a7-5ea5c237b21e"
          ],
          "failures": [],
          "pending": [],
          "skipped": [],
          "duration": 1162,
          "root": false,
          "rootEmpty": false,
          "_timeout": 2000
        },
        {
          "uuid": "070f6303-b86a-4a9b-8d41-b2eca3e4b7a3",
          "title": "3 - Adicione a cor **preta** como a primeira cor da paleta de cores.",
          "fullFile": "",
          "file": "",
          "beforeHooks": [],
          "afterHooks": [],
          "tests": [
            {
              "title": "Verifica se a primeira cor da paleta é preta",
              "fullTitle": "3 - Adicione a cor **preta** como a primeira cor da paleta de cores. Verifica se a primeira cor da paleta é preta",
              "timedOut": null,
              "duration": 164,
              "state": "passed",
              "speed": "slow",
              "pass": true,
              "fail": false,
              "pending": false,
              "context": null,
              "code": "cy.get('.color').first().should('have.css', 'background-color', BLACK);",
              "err": {},
              "uuid": "dffc1a33-7fef-4eec-9a9a-628819b37b62",
              "parentUUID": "070f6303-b86a-4a9b-8d41-b2eca3e4b7a3",
              "isHook": false,
              "skipped": false
            },
            {
              "title": "Verifica se as demais cores podem ser escolhidas livremente.",
              "fullTitle": "3 - Adicione a cor **preta** como a primeira cor da paleta de cores. Verifica se as demais cores podem ser escolhidas livremente.",
              "timedOut": null,
              "duration": 168,
              "state": "passed",
              "speed": "slow",
              "pass": true,
              "fail": false,
              "pending": false,
              "context": null,
              "code": "cy.get('.color').eq(1).should('not.have.css', 'background-color', BLACK);\ncy.get('.color').eq(1).should('not.have.css', 'background-color', WHITE);\ncy.get('.color').eq(1).should('not.have.css', 'background-color', 'rgba(0, 0, 0, 0)');\ncy.get('.color').eq(1).should('have.css', 'background-color');\ncy.get('.color').eq(2).should('not.have.css', 'background-color', BLACK);\ncy.get('.color').eq(2).should('not.have.css', 'background-color', WHITE);\ncy.get('.color').eq(2).should('not.have.css', 'background-color', 'rgba(0, 0, 0, 0)');\ncy.get('.color').eq(2).should('have.css', 'background-color');\ncy.get('.color').eq(3).should('not.have.css', 'background-color', BLACK);\ncy.get('.color').eq(3).should('not.have.css', 'background-color', WHITE);\ncy.get('.color').eq(3).should('not.have.css', 'background-color', 'rgba(0, 0, 0, 0)');\ncy.get('.color').eq(3).should('have.css', 'background-color');",
              "err": {},
              "uuid": "5995950c-d11b-44b3-9bdd-a8c81fa6c0ea",
              "parentUUID": "070f6303-b86a-4a9b-8d41-b2eca3e4b7a3",
              "isHook": false,
              "skipped": false
            }
          ],
          "suites": [],
          "passes": [
            "dffc1a33-7fef-4eec-9a9a-628819b37b62",
            "5995950c-d11b-44b3-9bdd-a8c81fa6c0ea"
          ],
          "failures": [],
          "pending": [],
          "skipped": [],
          "duration": 332,
          "root": false,
          "rootEmpty": false,
          "_timeout": 2000
        },
        {
          "uuid": "c4cb01b9-1400-45e1-bd37-705e6c432c34",
          "title": "4 - Adicione à página um quadro de pixels, com 25 pixels.",
          "fullFile": "",
          "file": "",
          "beforeHooks": [],
          "afterHooks": [],
          "tests": [
            {
              "title": "Verifica se o quadro de pixels possui o `id` denominado `pixel-board`",
              "fullTitle": "4 - Adicione à página um quadro de pixels, com 25 pixels. Verifica se o quadro de pixels possui o `id` denominado `pixel-board`",
              "timedOut": null,
              "duration": 156,
              "state": "passed",
              "speed": "slow",
              "pass": true,
              "fail": false,
              "pending": false,
              "context": null,
              "code": "cy.get('#pixel-board').should('be.visible');",
              "err": {},
              "uuid": "d793da34-9be7-4c50-a9ba-e02ca2d3ce01",
              "parentUUID": "c4cb01b9-1400-45e1-bd37-705e6c432c34",
              "isHook": false,
              "skipped": false
            },
            {
              "title": "Verifica se cada pixel individual dentro do quadro possui a `classe` denominada `pixel`.",
              "fullTitle": "4 - Adicione à página um quadro de pixels, com 25 pixels. Verifica se cada pixel individual dentro do quadro possui a `classe` denominada `pixel`.",
              "timedOut": null,
              "duration": 151,
              "state": "passed",
              "speed": "slow",
              "pass": true,
              "fail": false,
              "pending": false,
              "context": null,
              "code": "cy.get('.pixel').should('have.length', 25);",
              "err": {},
              "uuid": "56aeecb6-e573-4339-84e2-bf7d757eda66",
              "parentUUID": "c4cb01b9-1400-45e1-bd37-705e6c432c34",
              "isHook": false,
              "skipped": false
            },
            {
              "title": "Verifica se a cor inicial dos pixels dentro do quadro, ao abrir a página, é branca.",
              "fullTitle": "4 - Adicione à página um quadro de pixels, com 25 pixels. Verifica se a cor inicial dos pixels dentro do quadro, ao abrir a página, é branca.",
              "timedOut": null,
              "duration": 164,
              "state": "passed",
              "speed": "slow",
              "pass": true,
              "fail": false,
              "pending": false,
              "context": null,
              "code": "cy.get('.pixel').should('have.length', 25).each(function (pixel) {\n  expect(pixel).to.have.css('background-color', WHITE);\n});",
              "err": {},
              "uuid": "f53d5d32-ebde-48f3-aec9-03a8dab9ef14",
              "parentUUID": "c4cb01b9-1400-45e1-bd37-705e6c432c34",
              "isHook": false,
              "skipped": false
            },
            {
              "title": "Verifica se o quadro de pixels aparece abaixo da paleta de cores",
              "fullTitle": "4 - Adicione à página um quadro de pixels, com 25 pixels. Verifica se o quadro de pixels aparece abaixo da paleta de cores",
              "timedOut": null,
              "duration": 108,
              "state": "passed",
              "speed": "slow",
              "pass": true,
              "fail": false,
              "pending": false,
              "context": null,
              "code": "cy.get('#color-palette').then(function (palette) {\n  cy.get('#pixel-board').should('be.belowOf', palette);\n});",
              "err": {},
              "uuid": "68e1472a-9b2e-4ddc-9d19-2ae8ebded54c",
              "parentUUID": "c4cb01b9-1400-45e1-bd37-705e6c432c34",
              "isHook": false,
              "skipped": false
            }
          ],
          "suites": [],
          "passes": [
            "d793da34-9be7-4c50-a9ba-e02ca2d3ce01",
            "56aeecb6-e573-4339-84e2-bf7d757eda66",
            "f53d5d32-ebde-48f3-aec9-03a8dab9ef14",
            "68e1472a-9b2e-4ddc-9d19-2ae8ebded54c"
          ],
          "failures": [],
          "pending": [],
          "skipped": [],
          "duration": 579,
          "root": false,
          "rootEmpty": false,
          "_timeout": 2000
        },
        {
          "uuid": "350eadbb-9bca-42ec-b26d-c5841cb75270",
          "title": "5 - Faça com que cada elemento do quadro de pixels possua 40 pixels de largura, 40 pixels de altura e seja delimitado por uma borda preta de 1 pixel.",
          "fullFile": "",
          "file": "",
          "beforeHooks": [],
          "afterHooks": [],
          "tests": [
            {
              "title": "Verifica se o quadro de pixels tem altura e comprimento de 5 elementos",
              "fullTitle": "5 - Faça com que cada elemento do quadro de pixels possua 40 pixels de largura, 40 pixels de altura e seja delimitado por uma borda preta de 1 pixel. Verifica se o quadro de pixels tem altura e comprimento de 5 elementos",
              "timedOut": null,
              "duration": 312,
              "state": "passed",
              "speed": "slow",
              "pass": true,
              "fail": false,
              "pending": false,
              "context": null,
              "code": "cy.get('.pixel').should('have.length', 25).each(function (pixel) {\n  expect(pixel).to.have.css('background-color', WHITE);\n}).and(function (pixels) {\n  var rows = chunk(pixels, 5);\n  rows.forEach(function (row) {\n    for (var index = 1; index < row.length; index += 1) {\n      var current = pixels[index];\n      var previous = pixels[index - 1];\n      cy.wrap(current).should('be.onTheRightOf', previous).and('be.horizontallyAlignedWith', previous);\n    }\n  });\n  for (var index = 1; index < 5; index += 1) {\n    expect(pixels[index * 5]).to.be.belowOf(pixels[(index - 1) * 5]);\n  }\n});",
              "err": {},
              "uuid": "1a401ac6-4c66-4ebb-b40a-d4eeaf427b7d",
              "parentUUID": "350eadbb-9bca-42ec-b26d-c5841cb75270",
              "isHook": false,
              "skipped": false
            },
            {
              "title": "Verifica se 40 pixels é o tamanho total do elemento, incluindo seu conteúdo e excluindo a borda preta, que deve ser criada à parte.",
              "fullTitle": "5 - Faça com que cada elemento do quadro de pixels possua 40 pixels de largura, 40 pixels de altura e seja delimitado por uma borda preta de 1 pixel. Verifica se 40 pixels é o tamanho total do elemento, incluindo seu conteúdo e excluindo a borda preta, que deve ser criada à parte.",
              "timedOut": null,
              "duration": 278,
              "state": "passed",
              "speed": "slow",
              "pass": true,
              "fail": false,
              "pending": false,
              "context": null,
              "code": "cy.get('.pixel').each(function (pixel) {\n  cy.wrap(pixel).should('have.css', 'height', '40px').and('have.css', 'width', '40px').and('have.css', 'border', \"1px solid \".concat(BLACK));\n});",
              "err": {},
              "uuid": "aeb90878-478d-424a-b1bd-d9f8c6b5c087",
              "parentUUID": "350eadbb-9bca-42ec-b26d-c5841cb75270",
              "isHook": false,
              "skipped": false
            }
          ],
          "suites": [],
          "passes": [
            "1a401ac6-4c66-4ebb-b40a-d4eeaf427b7d",
            "aeb90878-478d-424a-b1bd-d9f8c6b5c087"
          ],
          "failures": [],
          "pending": [],
          "skipped": [],
          "duration": 590,
          "root": false,
          "rootEmpty": false,
          "_timeout": 2000
        },
        {
          "uuid": "7a37eca0-31b2-4798-b316-48473e4f3186",
          "title": "6 - Defina a cor preta como cor inicial. Ao carregar a página a cor preta já deve estar selecionada para pintar os pixels",
          "fullFile": "",
          "file": "",
          "beforeHooks": [],
          "afterHooks": [],
          "tests": [
            {
              "title": "Verifica se o elemento da cor preta possui, inicialmente, a `classe` `selected`",
              "fullTitle": "6 - Defina a cor preta como cor inicial. Ao carregar a página a cor preta já deve estar selecionada para pintar os pixels Verifica se o elemento da cor preta possui, inicialmente, a `classe` `selected`",
              "timedOut": null,
              "duration": 88,
              "state": "passed",
              "speed": "slow",
              "pass": true,
              "fail": false,
              "pending": false,
              "context": null,
              "code": "cy.get('.selected').first().should('have.css', 'background-color', BLACK);",
              "err": {},
              "uuid": "ccabc347-8281-43fe-b9c8-d68c07e715d5",
              "parentUUID": "7a37eca0-31b2-4798-b316-48473e4f3186",
              "isHook": false,
              "skipped": false
            },
            {
              "title": "Verifica se nenhuma outra cor da paleta tem a `classe` `selected`",
              "fullTitle": "6 - Defina a cor preta como cor inicial. Ao carregar a página a cor preta já deve estar selecionada para pintar os pixels Verifica se nenhuma outra cor da paleta tem a `classe` `selected`",
              "timedOut": null,
              "duration": 87,
              "state": "passed",
              "speed": "slow",
              "pass": true,
              "fail": false,
              "pending": false,
              "context": null,
              "code": "cy.get('.color:not(:first-child)').each(function (color) {\n  cy.wrap(color).should('not.have.class', 'selected');\n});",
              "err": {},
              "uuid": "754af400-f4b3-460d-af46-9771305f46ea",
              "parentUUID": "7a37eca0-31b2-4798-b316-48473e4f3186",
              "isHook": false,
              "skipped": false
            }
          ],
          "suites": [],
          "passes": [
            "ccabc347-8281-43fe-b9c8-d68c07e715d5",
            "754af400-f4b3-460d-af46-9771305f46ea"
          ],
          "failures": [],
          "pending": [],
          "skipped": [],
          "duration": 175,
          "root": false,
          "rootEmpty": false,
          "_timeout": 2000
        },
        {
          "uuid": "b896b5f5-0bcf-4fca-add2-c2b5504435e5",
          "title": "7 - Clicar em uma das cores da paleta, faz com que ela seja selecionada e utilizada para preencher os pixels no quadro.",
          "fullFile": "",
          "file": "",
          "beforeHooks": [],
          "afterHooks": [],
          "tests": [
            {
              "title": "Verifica se somente uma cor da paleta de cores tem a classe `selected` de cada vez",
              "fullTitle": "7 - Clicar em uma das cores da paleta, faz com que ela seja selecionada e utilizada para preencher os pixels no quadro. Verifica se somente uma cor da paleta de cores tem a classe `selected` de cada vez",
              "timedOut": null,
              "duration": 567,
              "state": "passed",
              "speed": "slow",
              "pass": true,
              "fail": false,
              "pending": false,
              "context": null,
              "code": "cy.get('.color').each(function (selectedColor, selectedColorIndex) {\n  cy.wrap(selectedColor).click();\n  cy.get('.color').each(function (color, colorIndex) {\n    if (colorIndex === selectedColorIndex) {\n      expect(color).to.have[\"class\"]('selected');\n    } else {\n      expect(color).not.to.have[\"class\"]('selected');\n    }\n  });\n});",
              "err": {},
              "uuid": "53e3197e-a4ef-4d8f-8d3a-71daa936e04b",
              "parentUUID": "b896b5f5-0bcf-4fca-add2-c2b5504435e5",
              "isHook": false,
              "skipped": false
            },
            {
              "title": "Verifica se os pixels dentro do quadro não têm a classe `selected` quando são clicados",
              "fullTitle": "7 - Clicar em uma das cores da paleta, faz com que ela seja selecionada e utilizada para preencher os pixels no quadro. Verifica se os pixels dentro do quadro não têm a classe `selected` quando são clicados",
              "timedOut": null,
              "duration": 9405,
              "state": "passed",
              "speed": "slow",
              "pass": true,
              "fail": false,
              "pending": false,
              "context": null,
              "code": "cy.get('.color').each(function (color) {\n  var backgroundColor = color.css('background-color');\n  cy.wrap(color).click();\n  cy.get('.pixel').each(function (pixel) {\n    cy.wrap(pixel).click().should('not.have.class', 'selected');\n  });\n});",
              "err": {},
              "uuid": "1ec55f22-1b42-4ded-8a2d-fffb024a98dc",
              "parentUUID": "b896b5f5-0bcf-4fca-add2-c2b5504435e5",
              "isHook": false,
              "skipped": false
            }
          ],
          "suites": [],
          "passes": [
            "53e3197e-a4ef-4d8f-8d3a-71daa936e04b",
            "1ec55f22-1b42-4ded-8a2d-fffb024a98dc"
          ],
          "failures": [],
          "pending": [],
          "skipped": [],
          "duration": 9972,
          "root": false,
          "rootEmpty": false,
          "_timeout": 2000
        },
        {
          "uuid": "b678c34c-e6ae-42f8-bc81-3479e3e69aa3",
          "title": "8 - Clicar em um pixel dentro do quadro após selecionar uma cor na paleta, faz com que o pixel seja preenchido com a cor selecionada.",
          "fullFile": "",
          "file": "",
          "beforeHooks": [],
          "afterHooks": [],
          "tests": [
            {
              "title": "Verifica se ao carregar a página deve ser possível pintar os pixels de preto",
              "fullTitle": "8 - Clicar em um pixel dentro do quadro após selecionar uma cor na paleta, faz com que o pixel seja preenchido com a cor selecionada. Verifica se ao carregar a página deve ser possível pintar os pixels de preto",
              "timedOut": null,
              "duration": 2329,
              "state": "passed",
              "speed": "slow",
              "pass": true,
              "fail": false,
              "pending": false,
              "context": null,
              "code": "cy.get('.pixel').each(function (pixel) {\n  cy.wrap(pixel).click().should('have.css', 'background-color', BLACK);\n});",
              "err": {},
              "uuid": "e7721ccb-2a0c-48b6-bc61-4e8a3690710e",
              "parentUUID": "b678c34c-e6ae-42f8-bc81-3479e3e69aa3",
              "isHook": false,
              "skipped": false
            },
            {
              "title": "Verifica se após selecionar uma outra cor na paleta, é possível pintar os pixels com essa cor",
              "fullTitle": "8 - Clicar em um pixel dentro do quadro após selecionar uma cor na paleta, faz com que o pixel seja preenchido com a cor selecionada. Verifica se após selecionar uma outra cor na paleta, é possível pintar os pixels com essa cor",
              "timedOut": null,
              "duration": 6837,
              "state": "failed",
              "speed": null,
              "pass": false,
              "fail": true,
              "pending": false,
              "context": null,
              "code": "cy.get('.color').each(function (color) {\n  var backgroundColor = color.css('background-color');\n  cy.wrap(color).click();\n  cy.get('.pixel').each(function (pixel) {\n    cy.wrap(pixel).click().should('have.css', 'background-color', backgroundColor);\n  });\n});",
              "err": {
                "message": "CypressError: Timed out retrying: expected '<div#color-gray.pixel>' to have CSS property 'background-color' with the value 'rgb(25, 1, 84)', but the value was 'rgb(51, 51, 51)'",
                "estack": "CypressError: Timed out retrying: expected '<div#color-gray.pixel>' to have CSS property 'background-color' with the value 'rgb(25, 1, 84)', but the value was 'rgb(51, 51, 51)'\n    at cypressErr (http://localhost:42693/__cypress/runner/cypress_runner.js:149934:9)\n    at throwErr (http://localhost:42693/__cypress/runner/cypress_runner.js:149867:11)\n    at Object.throwErrByPath (http://localhost:42693/__cypress/runner/cypress_runner.js:149915:3)\n    at retry (http://localhost:42693/__cypress/runner/cypress_runner.js:144197:19)\n    at onFailFn (http://localhost:42693/__cypress/runner/cypress_runner.js:132448:16)\n    at tryCatcher (http://localhost:42693/__cypress/runner/cypress_runner.js:167415:23)\n    at Promise._settlePromiseFromHandler (http://localhost:42693/__cypress/runner/cypress_runner.js:165351:31)\n    at Promise._settlePromise (http://localhost:42693/__cypress/runner/cypress_runner.js:165408:18)\n    at Promise._settlePromise0 (http://localhost:42693/__cypress/runner/cypress_runner.js:165453:10)\n    at Promise._settlePromises (http://localhost:42693/__cypress/runner/cypress_runner.js:165528:18)\n    at Async../node_modules/bluebird/js/release/async.js.Async._drainQueue (http://localhost:42693/__cypress/runner/cypress_runner.js:162140:16)\n    at Async../node_modules/bluebird/js/release/async.js.Async._drainQueues (http://localhost:42693/__cypress/runner/cypress_runner.js:162150:10)\n    at Async.drainQueues (http://localhost:42693/__cypress/runner/cypress_runner.js:162024:14)",
                "diff": null
              },
              "uuid": "87e61dee-750f-44ce-ae60-66a5d675d9eb",
              "parentUUID": "b678c34c-e6ae-42f8-bc81-3479e3e69aa3",
              "isHook": false,
              "skipped": false
            },
            {
              "title": "Verifica se somente o pixel que foi clicado foi preenchido com a cor selecionada, sem influenciar na cor dos demais pixels.",
              "fullTitle": "8 - Clicar em um pixel dentro do quadro após selecionar uma cor na paleta, faz com que o pixel seja preenchido com a cor selecionada. Verifica se somente o pixel que foi clicado foi preenchido com a cor selecionada, sem influenciar na cor dos demais pixels.",
              "timedOut": null,
              "duration": 1424,
              "state": "passed",
              "speed": "slow",
              "pass": true,
              "fail": false,
              "pending": false,
              "context": null,
              "code": "var colorToPixelIndexMap = {\n  0: 6,\n  1: 8,\n  2: 16,\n  3: 18\n};\ncy.get('.color').each(function (color, index) {\n  cy.wrap(color).click();\n  var backgroundColor = color.css('background-color');\n  var clickedPixelIndex = colorToPixelIndexMap[index];\n  cy.get('.pixel').eq(clickedPixelIndex).click();\n  cy.get('.pixel').eq(clickedPixelIndex - 1).should('not.have.css', 'background-color', backgroundColor);\n  cy.get('.pixel').eq(clickedPixelIndex + 1).should('not.have.css', 'background-color', backgroundColor);\n  cy.get('.pixel').eq(clickedPixelIndex - 5).should('not.have.css', 'background-color', backgroundColor);\n  cy.get('.pixel').eq(clickedPixelIndex + 5).should('not.have.css', 'background-color', backgroundColor);\n  cy.get('.pixel').eq(clickedPixelIndex - 6).should('not.have.css', 'background-color', backgroundColor);\n  cy.get('.pixel').eq(clickedPixelIndex - 4).should('not.have.css', 'background-color', backgroundColor);\n  cy.get('.pixel').eq(clickedPixelIndex + 4).should('not.have.css', 'background-color', backgroundColor);\n  cy.get('.pixel').eq(clickedPixelIndex + 6).should('not.have.css', 'background-color', backgroundColor);\n});",
              "err": {},
              "uuid": "0396080c-b2e9-466c-b529-b041e12d982a",
              "parentUUID": "b678c34c-e6ae-42f8-bc81-3479e3e69aa3",
              "isHook": false,
              "skipped": false
            }
          ],
          "suites": [],
          "passes": [
            "e7721ccb-2a0c-48b6-bc61-4e8a3690710e",
            "0396080c-b2e9-466c-b529-b041e12d982a"
          ],
          "failures": [
            "87e61dee-750f-44ce-ae60-66a5d675d9eb"
          ],
          "pending": [],
          "skipped": [],
          "duration": 10590,
          "root": false,
          "rootEmpty": false,
          "_timeout": 2000
        },
        {
          "uuid": "5c67b90e-c20d-4747-9fb7-60e3e30c00eb",
          "title": "9 - Crie um botão que, ao ser clicado, limpa o quadro preenchendo a cor de todos seus pixels com branco.",
          "fullFile": "",
          "file": "",
          "beforeHooks": [],
          "afterHooks": [],
          "tests": [
            {
              "title": "Verifica se o botão tem o `id` denominado `clear-board`",
              "fullTitle": "9 - Crie um botão que, ao ser clicado, limpa o quadro preenchendo a cor de todos seus pixels com branco. Verifica se o botão tem o `id` denominado `clear-board`",
              "timedOut": null,
              "duration": 158,
              "state": "passed",
              "speed": "slow",
              "pass": true,
              "fail": false,
              "pending": false,
              "context": null,
              "code": "cy.get('#clear-board').should('be.visible');",
              "err": {},
              "uuid": "9dabdf38-aa18-4abe-b818-5f57e208735f",
              "parentUUID": "5c67b90e-c20d-4747-9fb7-60e3e30c00eb",
              "isHook": false,
              "skipped": false
            },
            {
              "title": "Verifica se o botão está posicionado entre a paleta de cores e o quadro de pixels",
              "fullTitle": "9 - Crie um botão que, ao ser clicado, limpa o quadro preenchendo a cor de todos seus pixels com branco. Verifica se o botão está posicionado entre a paleta de cores e o quadro de pixels",
              "timedOut": null,
              "duration": 124,
              "state": "passed",
              "speed": "slow",
              "pass": true,
              "fail": false,
              "pending": false,
              "context": null,
              "code": "cy.get('#color-palette').then(function (palette) {\n  cy.get('#clear-board').should('be.belowOf', palette);\n});\ncy.get('#clear-board').then(function (clearBtn) {\n  cy.get('#pixel-board').should('be.belowOf', clearBtn);\n});",
              "err": {},
              "uuid": "729f0132-37c2-4d93-89e3-71f3fb83db0b",
              "parentUUID": "5c67b90e-c20d-4747-9fb7-60e3e30c00eb",
              "isHook": false,
              "skipped": false
            },
            {
              "title": "Verifica se o texto do botão é 'Limpar'",
              "fullTitle": "9 - Crie um botão que, ao ser clicado, limpa o quadro preenchendo a cor de todos seus pixels com branco. Verifica se o texto do botão é 'Limpar'",
              "timedOut": null,
              "duration": 84,
              "state": "passed",
              "speed": "slow",
              "pass": true,
              "fail": false,
              "pending": false,
              "context": null,
              "code": "cy.get('#clear-board').should('contain.text', 'Limpar');",
              "err": {},
              "uuid": "5b843d65-2a69-4a2a-b473-1073ba182287",
              "parentUUID": "5c67b90e-c20d-4747-9fb7-60e3e30c00eb",
              "isHook": false,
              "skipped": false
            },
            {
              "title": "Verifica se ao clicar no botão, o quadro de pixels é totalmente preenchido de branco",
              "fullTitle": "9 - Crie um botão que, ao ser clicado, limpa o quadro preenchendo a cor de todos seus pixels com branco. Verifica se ao clicar no botão, o quadro de pixels é totalmente preenchido de branco",
              "timedOut": null,
              "duration": 4391,
              "state": "failed",
              "speed": null,
              "pass": false,
              "fail": true,
              "pending": false,
              "context": null,
              "code": "cy.get('.color').eq(1).then(function (color) {\n  var backgroundColor = color.css('background-color');\n  cy.wrap(color).click();\n  cy.get('.pixel').each(function (pixel) {\n    cy.wrap(pixel).click().should('have.css', 'background-color', backgroundColor);\n  });\n});\ncy.get('#clear-board').click();\ncy.get('.pixel').each(function (pixel) {\n  cy.wrap(pixel).should('have.css', 'background-color', WHITE);\n});",
              "err": {
                "message": "CypressError: Timed out retrying: expected '<div#color-gray.pixel>' to have CSS property 'background-color' with the value 'rgb(122, 65, 181)', but the value was 'rgb(51, 51, 51)'",
                "estack": "CypressError: Timed out retrying: expected '<div#color-gray.pixel>' to have CSS property 'background-color' with the value 'rgb(122, 65, 181)', but the value was 'rgb(51, 51, 51)'\n    at cypressErr (http://localhost:42693/__cypress/runner/cypress_runner.js:149934:9)\n    at throwErr (http://localhost:42693/__cypress/runner/cypress_runner.js:149867:11)\n    at Object.throwErrByPath (http://localhost:42693/__cypress/runner/cypress_runner.js:149915:3)\n    at retry (http://localhost:42693/__cypress/runner/cypress_runner.js:144197:19)\n    at onFailFn (http://localhost:42693/__cypress/runner/cypress_runner.js:132448:16)\n    at tryCatcher (http://localhost:42693/__cypress/runner/cypress_runner.js:167415:23)\n    at Promise._settlePromiseFromHandler (http://localhost:42693/__cypress/runner/cypress_runner.js:165351:31)\n    at Promise._settlePromise (http://localhost:42693/__cypress/runner/cypress_runner.js:165408:18)\n    at Promise._settlePromise0 (http://localhost:42693/__cypress/runner/cypress_runner.js:165453:10)\n    at Promise._settlePromises (http://localhost:42693/__cypress/runner/cypress_runner.js:165528:18)\n    at Async../node_modules/bluebird/js/release/async.js.Async._drainQueue (http://localhost:42693/__cypress/runner/cypress_runner.js:162140:16)\n    at Async../node_modules/bluebird/js/release/async.js.Async._drainQueues (http://localhost:42693/__cypress/runner/cypress_runner.js:162150:10)\n    at Async.drainQueues (http://localhost:42693/__cypress/runner/cypress_runner.js:162024:14)",
                "diff": null
              },
              "uuid": "62d744bb-24d1-45a0-8d57-72531eb09616",
              "parentUUID": "5c67b90e-c20d-4747-9fb7-60e3e30c00eb",
              "isHook": false,
              "skipped": false
            }
          ],
          "suites": [],
          "passes": [
            "9dabdf38-aa18-4abe-b818-5f57e208735f",
            "729f0132-37c2-4d93-89e3-71f3fb83db0b",
            "5b843d65-2a69-4a2a-b473-1073ba182287"
          ],
          "failures": [
            "62d744bb-24d1-45a0-8d57-72531eb09616"
          ],
          "pending": [],
          "skipped": [],
          "duration": 4757,
          "root": false,
          "rootEmpty": false,
          "_timeout": 2000
        },
        {
          "uuid": "22488539-9ac0-4e7c-91e1-b3fc7932b006",
          "title": "10 - Faça o quadro de pixels ter seu tamanho definido pelo usuário.",
          "fullFile": "",
          "file": "",
          "beforeHooks": [],
          "afterHooks": [],
          "tests": [
            {
              "title": "Verifica se existe um input com o id `board-size`",
              "fullTitle": "10 - Faça o quadro de pixels ter seu tamanho definido pelo usuário. Verifica se existe um input com o id `board-size`",
              "timedOut": null,
              "duration": 4541,
              "state": "failed",
              "speed": null,
              "pass": false,
              "fail": true,
              "pending": false,
              "context": null,
              "code": "cy.get('#board-size').should('be.visible');",
              "err": {
                "message": "CypressError: Timed out retrying: Expected to find element: '#board-size', but never found it.",
                "estack": "CypressError: Timed out retrying: Expected to find element: '#board-size', but never found it.\n    at cypressErr (http://localhost:42693/__cypress/runner/cypress_runner.js:149934:9)\n    at throwErr (http://localhost:42693/__cypress/runner/cypress_runner.js:149867:11)\n    at Object.throwErrByPath (http://localhost:42693/__cypress/runner/cypress_runner.js:149915:3)\n    at retry (http://localhost:42693/__cypress/runner/cypress_runner.js:144197:19)\n    at onFailFn (http://localhost:42693/__cypress/runner/cypress_runner.js:132448:16)\n    at tryCatcher (http://localhost:42693/__cypress/runner/cypress_runner.js:167415:23)\n    at Promise._settlePromiseFromHandler (http://localhost:42693/__cypress/runner/cypress_runner.js:165351:31)\n    at Promise._settlePromise (http://localhost:42693/__cypress/runner/cypress_runner.js:165408:18)\n    at Promise._settlePromise0 (http://localhost:42693/__cypress/runner/cypress_runner.js:165453:10)\n    at Promise._settlePromises (http://localhost:42693/__cypress/runner/cypress_runner.js:165528:18)\n    at Async../node_modules/bluebird/js/release/async.js.Async._drainQueue (http://localhost:42693/__cypress/runner/cypress_runner.js:162140:16)\n    at Async../node_modules/bluebird/js/release/async.js.Async._drainQueues (http://localhost:42693/__cypress/runner/cypress_runner.js:162150:10)\n    at Async.drainQueues (http://localhost:42693/__cypress/runner/cypress_runner.js:162024:14)",
                "diff": null
              },
              "uuid": "b2c13755-86dd-4712-a286-33b5c8904cd1",
              "parentUUID": "22488539-9ac0-4e7c-91e1-b3fc7932b006",
              "isHook": false,
              "skipped": false
            },
            {
              "title": "Verifica se existe um botão com o id `generate-board`",
              "fullTitle": "10 - Faça o quadro de pixels ter seu tamanho definido pelo usuário. Verifica se existe um botão com o id `generate-board`",
              "timedOut": null,
              "duration": 4463,
              "state": "failed",
              "speed": null,
              "pass": false,
              "fail": true,
              "pending": false,
              "context": null,
              "code": "cy.get('#generate-board').should('be.visible');",
              "err": {
                "message": "CypressError: Timed out retrying: Expected to find element: '#generate-board', but never found it.",
                "estack": "CypressError: Timed out retrying: Expected to find element: '#generate-board', but never found it.\n    at cypressErr (http://localhost:42693/__cypress/runner/cypress_runner.js:149934:9)\n    at throwErr (http://localhost:42693/__cypress/runner/cypress_runner.js:149867:11)\n    at Object.throwErrByPath (http://localhost:42693/__cypress/runner/cypress_runner.js:149915:3)\n    at retry (http://localhost:42693/__cypress/runner/cypress_runner.js:144197:19)\n    at onFailFn (http://localhost:42693/__cypress/runner/cypress_runner.js:132448:16)\n    at tryCatcher (http://localhost:42693/__cypress/runner/cypress_runner.js:167415:23)\n    at Promise._settlePromiseFromHandler (http://localhost:42693/__cypress/runner/cypress_runner.js:165351:31)\n    at Promise._settlePromise (http://localhost:42693/__cypress/runner/cypress_runner.js:165408:18)\n    at Promise._settlePromise0 (http://localhost:42693/__cypress/runner/cypress_runner.js:165453:10)\n    at Promise._settlePromises (http://localhost:42693/__cypress/runner/cypress_runner.js:165528:18)\n    at Async../node_modules/bluebird/js/release/async.js.Async._drainQueue (http://localhost:42693/__cypress/runner/cypress_runner.js:162140:16)\n    at Async../node_modules/bluebird/js/release/async.js.Async._drainQueues (http://localhost:42693/__cypress/runner/cypress_runner.js:162150:10)\n    at Async.drainQueues (http://localhost:42693/__cypress/runner/cypress_runner.js:162024:14)",
                "diff": null
              },
              "uuid": "238381cc-984a-423a-86b4-8b3104d23fd9",
              "parentUUID": "22488539-9ac0-4e7c-91e1-b3fc7932b006",
              "isHook": false,
              "skipped": false
            },
            {
              "title": "Verifica se o input só aceita número maiores que zero. Essa restrição deve ser feita usando os atributos do elemento `input`",
              "fullTitle": "10 - Faça o quadro de pixels ter seu tamanho definido pelo usuário. Verifica se o input só aceita número maiores que zero. Essa restrição deve ser feita usando os atributos do elemento `input`",
              "timedOut": null,
              "duration": 4597,
              "state": "failed",
              "speed": null,
              "pass": false,
              "fail": true,
              "pending": false,
              "context": null,
              "code": "cy.get('#board-size[type=\\'number\\'][min=\\'1\\']');",
              "err": {
                "message": "CypressError: Timed out retrying: Expected to find element: '#board-size[type='number'][min='1']', but never found it.",
                "estack": "CypressError: Timed out retrying: Expected to find element: '#board-size[type='number'][min='1']', but never found it.\n    at cypressErr (http://localhost:42693/__cypress/runner/cypress_runner.js:149934:9)\n    at throwErr (http://localhost:42693/__cypress/runner/cypress_runner.js:149867:11)\n    at Object.throwErrByPath (http://localhost:42693/__cypress/runner/cypress_runner.js:149915:3)\n    at retry (http://localhost:42693/__cypress/runner/cypress_runner.js:144197:19)\n    at onFailFn (http://localhost:42693/__cypress/runner/cypress_runner.js:132448:16)\n    at tryCatcher (http://localhost:42693/__cypress/runner/cypress_runner.js:167415:23)\n    at Promise._settlePromiseFromHandler (http://localhost:42693/__cypress/runner/cypress_runner.js:165351:31)\n    at Promise._settlePromise (http://localhost:42693/__cypress/runner/cypress_runner.js:165408:18)\n    at Promise._settlePromise0 (http://localhost:42693/__cypress/runner/cypress_runner.js:165453:10)\n    at Promise._settlePromises (http://localhost:42693/__cypress/runner/cypress_runner.js:165528:18)\n    at Async../node_modules/bluebird/js/release/async.js.Async._drainQueue (http://localhost:42693/__cypress/runner/cypress_runner.js:162140:16)\n    at Async../node_modules/bluebird/js/release/async.js.Async._drainQueues (http://localhost:42693/__cypress/runner/cypress_runner.js:162150:10)\n    at Async.drainQueues (http://localhost:42693/__cypress/runner/cypress_runner.js:162024:14)",
                "diff": null
              },
              "uuid": "1f091e3d-bca7-4168-a574-530f9006d5a5",
              "parentUUID": "22488539-9ac0-4e7c-91e1-b3fc7932b006",
              "isHook": false,
              "skipped": false
            },
            {
              "title": "Verifica se o botão contém o texto 'VQV'",
              "fullTitle": "10 - Faça o quadro de pixels ter seu tamanho definido pelo usuário. Verifica se o botão contém o texto 'VQV'",
              "timedOut": null,
              "duration": 4492,
              "state": "failed",
              "speed": null,
              "pass": false,
              "fail": true,
              "pending": false,
              "context": null,
              "code": "cy.get('#generate-board').contains(/vqv/i);",
              "err": {
                "message": "CypressError: Timed out retrying: Expected to find element: '#generate-board', but never found it.",
                "estack": "CypressError: Timed out retrying: Expected to find element: '#generate-board', but never found it.\n    at cypressErr (http://localhost:42693/__cypress/runner/cypress_runner.js:149934:9)\n    at throwErr (http://localhost:42693/__cypress/runner/cypress_runner.js:149867:11)\n    at Object.throwErrByPath (http://localhost:42693/__cypress/runner/cypress_runner.js:149915:3)\n    at retry (http://localhost:42693/__cypress/runner/cypress_runner.js:144197:19)\n    at onFailFn (http://localhost:42693/__cypress/runner/cypress_runner.js:132448:16)\n    at tryCatcher (http://localhost:42693/__cypress/runner/cypress_runner.js:167415:23)\n    at Promise._settlePromiseFromHandler (http://localhost:42693/__cypress/runner/cypress_runner.js:165351:31)\n    at Promise._settlePromise (http://localhost:42693/__cypress/runner/cypress_runner.js:165408:18)\n    at Promise._settlePromise0 (http://localhost:42693/__cypress/runner/cypress_runner.js:165453:10)\n    at Promise._settlePromises (http://localhost:42693/__cypress/runner/cypress_runner.js:165528:18)\n    at Async../node_modules/bluebird/js/release/async.js.Async._drainQueue (http://localhost:42693/__cypress/runner/cypress_runner.js:162140:16)\n    at Async../node_modules/bluebird/js/release/async.js.Async._drainQueues (http://localhost:42693/__cypress/runner/cypress_runner.js:162150:10)\n    at Async.drainQueues (http://localhost:42693/__cypress/runner/cypress_runner.js:162024:14)",
                "diff": null
              },
              "uuid": "70d24cfb-eb34-476d-9cf5-14943ce34821",
              "parentUUID": "22488539-9ac0-4e7c-91e1-b3fc7932b006",
              "isHook": false,
              "skipped": false
            },
            {
              "title": "Verifica se o input está posicionado entre a paleta de cores e o quadro de pixels",
              "fullTitle": "10 - Faça o quadro de pixels ter seu tamanho definido pelo usuário. Verifica se o input está posicionado entre a paleta de cores e o quadro de pixels",
              "timedOut": null,
              "duration": 4423,
              "state": "failed",
              "speed": null,
              "pass": false,
              "fail": true,
              "pending": false,
              "context": null,
              "code": "cy.get('#color-palette').then(function (palette) {\n  cy.get('#board-size').should('be.belowOf', palette);\n});\ncy.get('#board-size').then(function (palette) {\n  cy.get('#pixel-board').should('be.belowOf', palette);\n});",
              "err": {
                "message": "CypressError: Timed out retrying: Expected to find element: '#board-size', but never found it.",
                "estack": "CypressError: Timed out retrying: Expected to find element: '#board-size', but never found it.\n    at cypressErr (http://localhost:42693/__cypress/runner/cypress_runner.js:149934:9)\n    at throwErr (http://localhost:42693/__cypress/runner/cypress_runner.js:149867:11)\n    at Object.throwErrByPath (http://localhost:42693/__cypress/runner/cypress_runner.js:149915:3)\n    at retry (http://localhost:42693/__cypress/runner/cypress_runner.js:144197:19)\n    at onFailFn (http://localhost:42693/__cypress/runner/cypress_runner.js:132448:16)\n    at tryCatcher (http://localhost:42693/__cypress/runner/cypress_runner.js:167415:23)\n    at Promise._settlePromiseFromHandler (http://localhost:42693/__cypress/runner/cypress_runner.js:165351:31)\n    at Promise._settlePromise (http://localhost:42693/__cypress/runner/cypress_runner.js:165408:18)\n    at Promise._settlePromise0 (http://localhost:42693/__cypress/runner/cypress_runner.js:165453:10)\n    at Promise._settlePromises (http://localhost:42693/__cypress/runner/cypress_runner.js:165528:18)\n    at Async../node_modules/bluebird/js/release/async.js.Async._drainQueue (http://localhost:42693/__cypress/runner/cypress_runner.js:162140:16)\n    at Async../node_modules/bluebird/js/release/async.js.Async._drainQueues (http://localhost:42693/__cypress/runner/cypress_runner.js:162150:10)\n    at Async.drainQueues (http://localhost:42693/__cypress/runner/cypress_runner.js:162024:14)",
                "diff": null
              },
              "uuid": "c1a6012e-fe55-483c-a78f-e8f8053d4909",
              "parentUUID": "22488539-9ac0-4e7c-91e1-b3fc7932b006",
              "isHook": false,
              "skipped": false
            },
            {
              "title": "Verifica se o botão está posicionado ao lado do input",
              "fullTitle": "10 - Faça o quadro de pixels ter seu tamanho definido pelo usuário. Verifica se o botão está posicionado ao lado do input",
              "timedOut": null,
              "duration": 4402,
              "state": "failed",
              "speed": null,
              "pass": false,
              "fail": true,
              "pending": false,
              "context": null,
              "code": "cy.get('#board-size').then(function (board) {\n  cy.get('#generate-board').should('be.onTheRightOf', board);\n});",
              "err": {
                "message": "CypressError: Timed out retrying: Expected to find element: '#board-size', but never found it.",
                "estack": "CypressError: Timed out retrying: Expected to find element: '#board-size', but never found it.\n    at cypressErr (http://localhost:42693/__cypress/runner/cypress_runner.js:149934:9)\n    at throwErr (http://localhost:42693/__cypress/runner/cypress_runner.js:149867:11)\n    at Object.throwErrByPath (http://localhost:42693/__cypress/runner/cypress_runner.js:149915:3)\n    at retry (http://localhost:42693/__cypress/runner/cypress_runner.js:144197:19)\n    at onFailFn (http://localhost:42693/__cypress/runner/cypress_runner.js:132448:16)\n    at tryCatcher (http://localhost:42693/__cypress/runner/cypress_runner.js:167415:23)\n    at Promise._settlePromiseFromHandler (http://localhost:42693/__cypress/runner/cypress_runner.js:165351:31)\n    at Promise._settlePromise (http://localhost:42693/__cypress/runner/cypress_runner.js:165408:18)\n    at Promise._settlePromise0 (http://localhost:42693/__cypress/runner/cypress_runner.js:165453:10)\n    at Promise._settlePromises (http://localhost:42693/__cypress/runner/cypress_runner.js:165528:18)\n    at Async../node_modules/bluebird/js/release/async.js.Async._drainQueue (http://localhost:42693/__cypress/runner/cypress_runner.js:162140:16)\n    at Async../node_modules/bluebird/js/release/async.js.Async._drainQueues (http://localhost:42693/__cypress/runner/cypress_runner.js:162150:10)\n    at Async.drainQueues (http://localhost:42693/__cypress/runner/cypress_runner.js:162024:14)",
                "diff": null
              },
              "uuid": "8f5f1075-d2db-4b3c-b640-4a80073ec964",
              "parentUUID": "22488539-9ac0-4e7c-91e1-b3fc7932b006",
              "isHook": false,
              "skipped": false
            },
            {
              "title": "Verifica se nenhum valor for colocado no input ao clicar no botão, um `alert` é exibido com o texto: 'Board inválido!'",
              "fullTitle": "10 - Faça o quadro de pixels ter seu tamanho definido pelo usuário. Verifica se nenhum valor for colocado no input ao clicar no botão, um `alert` é exibido com o texto: 'Board inválido!'",
              "timedOut": null,
              "duration": 4456,
              "state": "failed",
              "speed": null,
              "pass": false,
              "fail": true,
              "pending": false,
              "context": null,
              "code": "var alerted = false;\ncy.on('window:alert', function (msg) {\n  return alerted = msg;\n});\ncy.get('#generate-board').click().then(function () {\n  return expect(alerted).to.match(/Board inválido!/i);\n});",
              "err": {
                "message": "CypressError: Timed out retrying: Expected to find element: '#generate-board', but never found it.",
                "estack": "CypressError: Timed out retrying: Expected to find element: '#generate-board', but never found it.\n    at cypressErr (http://localhost:42693/__cypress/runner/cypress_runner.js:149934:9)\n    at throwErr (http://localhost:42693/__cypress/runner/cypress_runner.js:149867:11)\n    at Object.throwErrByPath (http://localhost:42693/__cypress/runner/cypress_runner.js:149915:3)\n    at retry (http://localhost:42693/__cypress/runner/cypress_runner.js:144197:19)\n    at onFailFn (http://localhost:42693/__cypress/runner/cypress_runner.js:132448:16)\n    at tryCatcher (http://localhost:42693/__cypress/runner/cypress_runner.js:167415:23)\n    at Promise._settlePromiseFromHandler (http://localhost:42693/__cypress/runner/cypress_runner.js:165351:31)\n    at Promise._settlePromise (http://localhost:42693/__cypress/runner/cypress_runner.js:165408:18)\n    at Promise._settlePromise0 (http://localhost:42693/__cypress/runner/cypress_runner.js:165453:10)\n    at Promise._settlePromises (http://localhost:42693/__cypress/runner/cypress_runner.js:165528:18)\n    at Async../node_modules/bluebird/js/release/async.js.Async._drainQueue (http://localhost:42693/__cypress/runner/cypress_runner.js:162140:16)\n    at Async../node_modules/bluebird/js/release/async.js.Async._drainQueues (http://localhost:42693/__cypress/runner/cypress_runner.js:162150:10)\n    at Async.drainQueues (http://localhost:42693/__cypress/runner/cypress_runner.js:162024:14)",
                "diff": null
              },
              "uuid": "95d1fe20-c67c-4143-a109-5cb63cef8ddb",
              "parentUUID": "22488539-9ac0-4e7c-91e1-b3fc7932b006",
              "isHook": false,
              "skipped": false
            },
            {
              "title": "Verifica se ao clicar no botão com um valor preenchido, o tamanho do board muda.",
              "fullTitle": "10 - Faça o quadro de pixels ter seu tamanho definido pelo usuário. Verifica se ao clicar no botão com um valor preenchido, o tamanho do board muda.",
              "timedOut": null,
              "duration": 4363,
              "state": "failed",
              "speed": null,
              "pass": false,
              "fail": true,
              "pending": false,
              "context": null,
              "code": "cy.get('#board-size').clear().type(10);\ncy.get('#generate-board').click();\ncy.get('.pixel').should('have.length', 100);",
              "err": {
                "message": "CypressError: Timed out retrying: Expected to find element: '#board-size', but never found it.",
                "estack": "CypressError: Timed out retrying: Expected to find element: '#board-size', but never found it.\n    at cypressErr (http://localhost:42693/__cypress/runner/cypress_runner.js:149934:9)\n    at throwErr (http://localhost:42693/__cypress/runner/cypress_runner.js:149867:11)\n    at Object.throwErrByPath (http://localhost:42693/__cypress/runner/cypress_runner.js:149915:3)\n    at retry (http://localhost:42693/__cypress/runner/cypress_runner.js:144197:19)\n    at onFailFn (http://localhost:42693/__cypress/runner/cypress_runner.js:132448:16)\n    at tryCatcher (http://localhost:42693/__cypress/runner/cypress_runner.js:167415:23)\n    at Promise._settlePromiseFromHandler (http://localhost:42693/__cypress/runner/cypress_runner.js:165351:31)\n    at Promise._settlePromise (http://localhost:42693/__cypress/runner/cypress_runner.js:165408:18)\n    at Promise._settlePromise0 (http://localhost:42693/__cypress/runner/cypress_runner.js:165453:10)\n    at Promise._settlePromises (http://localhost:42693/__cypress/runner/cypress_runner.js:165528:18)\n    at Async../node_modules/bluebird/js/release/async.js.Async._drainQueue (http://localhost:42693/__cypress/runner/cypress_runner.js:162140:16)\n    at Async../node_modules/bluebird/js/release/async.js.Async._drainQueues (http://localhost:42693/__cypress/runner/cypress_runner.js:162150:10)\n    at Async.drainQueues (http://localhost:42693/__cypress/runner/cypress_runner.js:162024:14)",
                "diff": null
              },
              "uuid": "a414f54b-906b-4891-a272-ca6261158aa5",
              "parentUUID": "22488539-9ac0-4e7c-91e1-b3fc7932b006",
              "isHook": false,
              "skipped": false
            },
            {
              "title": "Verifica se o novo quadro tem todos os pixels preenchidos com a cor branca",
              "fullTitle": "10 - Faça o quadro de pixels ter seu tamanho definido pelo usuário. Verifica se o novo quadro tem todos os pixels preenchidos com a cor branca",
              "timedOut": null,
              "duration": 4452,
              "state": "failed",
              "speed": null,
              "pass": false,
              "fail": true,
              "pending": false,
              "context": null,
              "code": "cy.get('#board-size').clear().type(6);\ncy.get('#generate-board').click();\ncy.get('.pixel').should('have.length', 36).each(function (pixel) {\n  expect(pixel).to.have.css('background-color', WHITE);\n});",
              "err": {
                "message": "CypressError: Timed out retrying: Expected to find element: '#board-size', but never found it.",
                "estack": "CypressError: Timed out retrying: Expected to find element: '#board-size', but never found it.\n    at cypressErr (http://localhost:42693/__cypress/runner/cypress_runner.js:149934:9)\n    at throwErr (http://localhost:42693/__cypress/runner/cypress_runner.js:149867:11)\n    at Object.throwErrByPath (http://localhost:42693/__cypress/runner/cypress_runner.js:149915:3)\n    at retry (http://localhost:42693/__cypress/runner/cypress_runner.js:144197:19)\n    at onFailFn (http://localhost:42693/__cypress/runner/cypress_runner.js:132448:16)\n    at tryCatcher (http://localhost:42693/__cypress/runner/cypress_runner.js:167415:23)\n    at Promise._settlePromiseFromHandler (http://localhost:42693/__cypress/runner/cypress_runner.js:165351:31)\n    at Promise._settlePromise (http://localhost:42693/__cypress/runner/cypress_runner.js:165408:18)\n    at Promise._settlePromise0 (http://localhost:42693/__cypress/runner/cypress_runner.js:165453:10)\n    at Promise._settlePromises (http://localhost:42693/__cypress/runner/cypress_runner.js:165528:18)\n    at Async../node_modules/bluebird/js/release/async.js.Async._drainQueue (http://localhost:42693/__cypress/runner/cypress_runner.js:162140:16)\n    at Async../node_modules/bluebird/js/release/async.js.Async._drainQueues (http://localhost:42693/__cypress/runner/cypress_runner.js:162150:10)\n    at Async.drainQueues (http://localhost:42693/__cypress/runner/cypress_runner.js:162024:14)",
                "diff": null
              },
              "uuid": "90693b7c-8870-4fc9-8b02-e6c1c846ec4f",
              "parentUUID": "22488539-9ac0-4e7c-91e1-b3fc7932b006",
              "isHook": false,
              "skipped": false
            }
          ],
          "suites": [],
          "passes": [],
          "failures": [
            "b2c13755-86dd-4712-a286-33b5c8904cd1",
            "238381cc-984a-423a-86b4-8b3104d23fd9",
            "1f091e3d-bca7-4168-a574-530f9006d5a5",
            "70d24cfb-eb34-476d-9cf5-14943ce34821",
            "c1a6012e-fe55-483c-a78f-e8f8053d4909",
            "8f5f1075-d2db-4b3c-b640-4a80073ec964",
            "95d1fe20-c67c-4143-a109-5cb63cef8ddb",
            "a414f54b-906b-4891-a272-ca6261158aa5",
            "90693b7c-8870-4fc9-8b02-e6c1c846ec4f"
          ],
          "pending": [],
          "skipped": [],
          "duration": 40189,
          "root": false,
          "rootEmpty": false,
          "_timeout": 2000
        },
        {
          "uuid": "0bfa2a8a-346f-4e58-ba15-557b5a766a95",
          "title": "11 - Limite o tamanho mínimo e máximo do board.",
          "fullFile": "",
          "file": "",
          "beforeHooks": [],
          "afterHooks": [],
          "tests": [
            {
              "title": "Verifica se a altura máxima do board é 50",
              "fullTitle": "11 - Limite o tamanho mínimo e máximo do board. Verifica se a altura máxima do board é 50",
              "timedOut": null,
              "duration": 4637,
              "state": "failed",
              "speed": null,
              "pass": false,
              "fail": true,
              "pending": false,
              "context": null,
              "code": "cy.get('#board-size').clear().type(50);\ncy.get('#generate-board').click();\ncy.get('.pixel').should('have.length', 2500);",
              "err": {
                "message": "CypressError: Timed out retrying: Expected to find element: '#board-size', but never found it.",
                "estack": "CypressError: Timed out retrying: Expected to find element: '#board-size', but never found it.\n    at cypressErr (http://localhost:42693/__cypress/runner/cypress_runner.js:149934:9)\n    at throwErr (http://localhost:42693/__cypress/runner/cypress_runner.js:149867:11)\n    at Object.throwErrByPath (http://localhost:42693/__cypress/runner/cypress_runner.js:149915:3)\n    at retry (http://localhost:42693/__cypress/runner/cypress_runner.js:144197:19)\n    at onFailFn (http://localhost:42693/__cypress/runner/cypress_runner.js:132448:16)\n    at tryCatcher (http://localhost:42693/__cypress/runner/cypress_runner.js:167415:23)\n    at Promise._settlePromiseFromHandler (http://localhost:42693/__cypress/runner/cypress_runner.js:165351:31)\n    at Promise._settlePromise (http://localhost:42693/__cypress/runner/cypress_runner.js:165408:18)\n    at Promise._settlePromise0 (http://localhost:42693/__cypress/runner/cypress_runner.js:165453:10)\n    at Promise._settlePromises (http://localhost:42693/__cypress/runner/cypress_runner.js:165528:18)\n    at Async../node_modules/bluebird/js/release/async.js.Async._drainQueue (http://localhost:42693/__cypress/runner/cypress_runner.js:162140:16)\n    at Async../node_modules/bluebird/js/release/async.js.Async._drainQueues (http://localhost:42693/__cypress/runner/cypress_runner.js:162150:10)\n    at Async.drainQueues (http://localhost:42693/__cypress/runner/cypress_runner.js:162024:14)",
                "diff": null
              },
              "uuid": "2e2ac0f9-9e69-4e47-9e75-fa05a2ba984e",
              "parentUUID": "0bfa2a8a-346f-4e58-ba15-557b5a766a95",
              "isHook": false,
              "skipped": false
            },
            {
              "title": "Verifica se a altura do board é 5 quando um valor menor é colocado no input",
              "fullTitle": "11 - Limite o tamanho mínimo e máximo do board. Verifica se a altura do board é 5 quando um valor menor é colocado no input",
              "timedOut": null,
              "duration": 4575,
              "state": "failed",
              "speed": null,
              "pass": false,
              "fail": true,
              "pending": false,
              "context": null,
              "code": "cy.get('#board-size').clear().type(4);\ncy.get('#generate-board').click();\ncy.get('.pixel').should('have.length', 25);",
              "err": {
                "message": "CypressError: Timed out retrying: Expected to find element: '#board-size', but never found it.",
                "estack": "CypressError: Timed out retrying: Expected to find element: '#board-size', but never found it.\n    at cypressErr (http://localhost:42693/__cypress/runner/cypress_runner.js:149934:9)\n    at throwErr (http://localhost:42693/__cypress/runner/cypress_runner.js:149867:11)\n    at Object.throwErrByPath (http://localhost:42693/__cypress/runner/cypress_runner.js:149915:3)\n    at retry (http://localhost:42693/__cypress/runner/cypress_runner.js:144197:19)\n    at onFailFn (http://localhost:42693/__cypress/runner/cypress_runner.js:132448:16)\n    at tryCatcher (http://localhost:42693/__cypress/runner/cypress_runner.js:167415:23)\n    at Promise._settlePromiseFromHandler (http://localhost:42693/__cypress/runner/cypress_runner.js:165351:31)\n    at Promise._settlePromise (http://localhost:42693/__cypress/runner/cypress_runner.js:165408:18)\n    at Promise._settlePromise0 (http://localhost:42693/__cypress/runner/cypress_runner.js:165453:10)\n    at Promise._settlePromises (http://localhost:42693/__cypress/runner/cypress_runner.js:165528:18)\n    at Async../node_modules/bluebird/js/release/async.js.Async._drainQueue (http://localhost:42693/__cypress/runner/cypress_runner.js:162140:16)\n    at Async../node_modules/bluebird/js/release/async.js.Async._drainQueues (http://localhost:42693/__cypress/runner/cypress_runner.js:162150:10)\n    at Async.drainQueues (http://localhost:42693/__cypress/runner/cypress_runner.js:162024:14)",
                "diff": null
              },
              "uuid": "86b71280-3dbe-4700-bdf8-696020022ef2",
              "parentUUID": "0bfa2a8a-346f-4e58-ba15-557b5a766a95",
              "isHook": false,
              "skipped": false
            },
            {
              "title": "Verifica se a altura do board é 50 quando um valor maior é colocado no input",
              "fullTitle": "11 - Limite o tamanho mínimo e máximo do board. Verifica se a altura do board é 50 quando um valor maior é colocado no input",
              "timedOut": null,
              "duration": 4444,
              "state": "failed",
              "speed": null,
              "pass": false,
              "fail": true,
              "pending": false,
              "context": null,
              "code": "cy.get('#board-size').clear().type(51);\ncy.get('#generate-board').click();\ncy.get('.pixel').should('have.length', 2500);",
              "err": {
                "message": "CypressError: Timed out retrying: Expected to find element: '#board-size', but never found it.",
                "estack": "CypressError: Timed out retrying: Expected to find element: '#board-size', but never found it.\n    at cypressErr (http://localhost:42693/__cypress/runner/cypress_runner.js:149934:9)\n    at throwErr (http://localhost:42693/__cypress/runner/cypress_runner.js:149867:11)\n    at Object.throwErrByPath (http://localhost:42693/__cypress/runner/cypress_runner.js:149915:3)\n    at retry (http://localhost:42693/__cypress/runner/cypress_runner.js:144197:19)\n    at onFailFn (http://localhost:42693/__cypress/runner/cypress_runner.js:132448:16)\n    at tryCatcher (http://localhost:42693/__cypress/runner/cypress_runner.js:167415:23)\n    at Promise._settlePromiseFromHandler (http://localhost:42693/__cypress/runner/cypress_runner.js:165351:31)\n    at Promise._settlePromise (http://localhost:42693/__cypress/runner/cypress_runner.js:165408:18)\n    at Promise._settlePromise0 (http://localhost:42693/__cypress/runner/cypress_runner.js:165453:10)\n    at Promise._settlePromises (http://localhost:42693/__cypress/runner/cypress_runner.js:165528:18)\n    at Async../node_modules/bluebird/js/release/async.js.Async._drainQueue (http://localhost:42693/__cypress/runner/cypress_runner.js:162140:16)\n    at Async../node_modules/bluebird/js/release/async.js.Async._drainQueues (http://localhost:42693/__cypress/runner/cypress_runner.js:162150:10)\n    at Async.drainQueues (http://localhost:42693/__cypress/runner/cypress_runner.js:162024:14)",
                "diff": null
              },
              "uuid": "9e7f8881-02ef-4f48-990b-d3fd50a0856a",
              "parentUUID": "0bfa2a8a-346f-4e58-ba15-557b5a766a95",
              "isHook": false,
              "skipped": false
            }
          ],
          "suites": [],
          "passes": [],
          "failures": [
            "2e2ac0f9-9e69-4e47-9e75-fa05a2ba984e",
            "86b71280-3dbe-4700-bdf8-696020022ef2",
            "9e7f8881-02ef-4f48-990b-d3fd50a0856a"
          ],
          "pending": [],
          "skipped": [],
          "duration": 13656,
          "root": false,
          "rootEmpty": false,
          "_timeout": 2000
        },
        {
          "uuid": "98140c78-5bbf-4a84-b85a-ea867a82c7f9",
          "title": "12 - Faça com que as cores da paleta sejam geradas aleatoriamente ao carregar a página.",
          "fullFile": "",
          "file": "",
          "beforeHooks": [],
          "afterHooks": [],
          "tests": [
            {
              "title": "Verifica se as cores geradas na paleta são diferentes a cada carregamento da página",
              "fullTitle": "12 - Faça com que as cores da paleta sejam geradas aleatoriamente ao carregar a página. Verifica se as cores geradas na paleta são diferentes a cada carregamento da página",
              "timedOut": null,
              "duration": 822,
              "state": "passed",
              "speed": "slow",
              "pass": true,
              "fail": false,
              "pending": false,
              "context": null,
              "code": "cy.get('.color').then(function (colors) {\n  var currentColors;\n  var previousColors;\n  previousColors = Array.from(colors).map(function (color) {\n    return Cypress.$(color).css('background-color');\n  });\n  for (var i = 0; i < 5; i += 1) {\n    cy.reload();\n    cy.get('.color').then(function (colors) {\n      currentColors = Array.from(colors).map(function (color) {\n        return Cypress.$(color).css('background-color');\n      });\n      expect(currentColors).not.to.deep.equal(previousColors);\n      previousColors = currentColors;\n    });\n  }\n});",
              "err": {},
              "uuid": "66b72276-de8a-44df-9974-9c392f415a68",
              "parentUUID": "98140c78-5bbf-4a84-b85a-ea867a82c7f9",
              "isHook": false,
              "skipped": false
            },
            {
              "title": "Verifica se a cor preta ainda está presente e é a primeira na sua paleta de cores",
              "fullTitle": "12 - Faça com que as cores da paleta sejam geradas aleatoriamente ao carregar a página. Verifica se a cor preta ainda está presente e é a primeira na sua paleta de cores",
              "timedOut": null,
              "duration": 668,
              "state": "passed",
              "speed": "slow",
              "pass": true,
              "fail": false,
              "pending": false,
              "context": null,
              "code": "cy.get('.color').then(function (colors) {\n  var currentColors;\n  var previousColors;\n  previousColors = Array.from(colors).map(function (color) {\n    return Cypress.$(color).css('background-color');\n  });\n  expect(previousColors[0]).to.eq(BLACK);\n  for (var i = 0; i < 5; i += 1) {\n    cy.reload();\n    cy.get('.color').then(function (colors) {\n      currentColors = Array.from(colors).map(function (color) {\n        return Cypress.$(color).css('background-color');\n      });\n      expect(currentColors[0]).to.eq(BLACK);\n      expect(currentColors).not.to.deep.equal(previousColors);\n      previousColors = currentColors;\n    });\n  }\n});",
              "err": {},
              "uuid": "27cabbd1-487a-48e4-a7ac-426688ecf8c0",
              "parentUUID": "98140c78-5bbf-4a84-b85a-ea867a82c7f9",
              "isHook": false,
              "skipped": false
            }
          ],
          "suites": [],
          "passes": [
            "66b72276-de8a-44df-9974-9c392f415a68",
            "27cabbd1-487a-48e4-a7ac-426688ecf8c0"
          ],
          "failures": [],
          "pending": [],
          "skipped": [],
          "duration": 1490,
          "root": false,
          "rootEmpty": false,
          "_timeout": 2000
        }
      ],
      "passes": [],
      "failures": [],
      "pending": [],
      "skipped": [],
      "duration": 0,
      "root": true,
      "rootEmpty": true,
      "_timeout": 2000
    }
  ],
  "meta": {
    "mocha": {
      "version": "7.0.1"
    },
    "mochawesome": {
      "options": {
        "quiet": false,
        "reportFilename": "mochawesome",
        "saveHtml": false,
        "saveJson": true,
        "consoleReporter": "spec",
        "useInlineDiffs": false
      },
      "version": "4.1.0"
    },
    "marge": {
      "options": {
        "id": "default",
        "reportDir": "cypress/reports",
        "overwrite": true,
        "html": false,
        "json": true
      },
      "version": "4.1.0"
    }
  }
}